ERROR - 2024-02-27 08:27:33 --> mysqli_sql_exception: Unknown column 'id' in 'where clause' in C:\xampp\htdocs\GSB3\system\Database\MySQLi\Connection.php:306
Stack trace:
#0 C:\xampp\htdocs\GSB3\system\Database\MySQLi\Connection.php(306): mysqli->query('SELECT horaire ...', 0)
#1 C:\xampp\htdocs\GSB3\system\Database\BaseConnection.php(693): CodeIgniter\Database\MySQLi\Connection->execute('SELECT horaire ...')
#2 C:\xampp\htdocs\GSB3\system\Database\BaseConnection.php(607): CodeIgniter\Database\BaseConnection->simpleQuery('SELECT horaire ...')
#3 C:\xampp\htdocs\GSB3\app\Modele\Modele.php(45): CodeIgniter\Database\BaseConnection->query('SELECT horaire ...', Array)
#4 C:\xampp\htdocs\GSB3\app\Views\Reservation.php(37): App\Modele\Modele->getLesPresentationheure('13')
#5 C:\xampp\htdocs\GSB3\system\View\View.php(228): include('C:\\xampp\\htdocs...')
#6 C:\xampp\htdocs\GSB3\system\View\View.php(231): CodeIgniter\View\View->CodeIgniter\View\{closure}()
#7 C:\xampp\htdocs\GSB3\system\Common.php(1178): CodeIgniter\View\View->render('Reservation', Array, true)
#8 C:\xampp\htdocs\GSB3\app\Controllers\Home.php(146): view('Reservation', Array)
#9 C:\xampp\htdocs\GSB3\system\CodeIgniter.php(941): App\Controllers\Home->Reservation()
#10 C:\xampp\htdocs\GSB3\system\CodeIgniter.php(502): CodeIgniter\CodeIgniter->runController(Object(App\Controllers\Home))
#11 C:\xampp\htdocs\GSB3\system\CodeIgniter.php(361): CodeIgniter\CodeIgniter->handleRequest(NULL, Object(Config\Cache), false)
#12 C:\xampp\htdocs\GSB3\public\index.php(79): CodeIgniter\CodeIgniter->run()
#13 {main}
CRITICAL - 2024-02-27 08:27:33 --> CodeIgniter\Database\Exceptions\DatabaseException: Unknown column 'id' in 'where clause'
in SYSTEMPATH\Database\BaseConnection.php on line 647.
 1 APPPATH\Modele\Modele.php(45): CodeIgniter\Database\BaseConnection->query('SELECT horaire FROM presentation WHERE id = ?', [...])
 2 APPPATH\Views\Reservation.php(37): App\Modele\Modele->getLesPresentationheure('13')
 3 SYSTEMPATH\View\View.php(228): include('C:\\xampp\\htdocs\\GSB3\\app\\Views\\Reservation.php')
 4 SYSTEMPATH\View\View.php(231): CodeIgniter\View\View->CodeIgniter\View\{closure}()
 5 SYSTEMPATH\Common.php(1178): CodeIgniter\View\View->render('Reservation', [], true)
 6 APPPATH\Controllers\Home.php(146): view('Reservation', [...])
 7 SYSTEMPATH\CodeIgniter.php(941): App\Controllers\Home->Reservation()
 8 SYSTEMPATH\CodeIgniter.php(502): CodeIgniter\CodeIgniter->runController(Object(App\Controllers\Home))
 9 SYSTEMPATH\CodeIgniter.php(361): CodeIgniter\CodeIgniter->handleRequest(null, Object(Config\Cache), false)
10 FCPATH\index.php(79): CodeIgniter\CodeIgniter->run()
CRITICAL - 2024-02-27 08:27:33 --> [Caused by] CodeIgniter\Database\Exceptions\DatabaseException: Unknown column 'id' in 'where clause'
in SYSTEMPATH\Database\MySQLi\Connection.php on line 311.
 1 SYSTEMPATH\Database\BaseConnection.php(693): CodeIgniter\Database\MySQLi\Connection->execute('SELECT horaire FROM presentation WHERE id = \'13\'')
 2 SYSTEMPATH\Database\BaseConnection.php(607): CodeIgniter\Database\BaseConnection->simpleQuery('SELECT horaire FROM presentation WHERE id = \'13\'')
 3 APPPATH\Modele\Modele.php(45): CodeIgniter\Database\BaseConnection->query('SELECT horaire FROM presentation WHERE id = ?', [...])
 4 APPPATH\Views\Reservation.php(37): App\Modele\Modele->getLesPresentationheure('13')
 5 SYSTEMPATH\View\View.php(228): include('C:\\xampp\\htdocs\\GSB3\\app\\Views\\Reservation.php')
 6 SYSTEMPATH\View\View.php(231): CodeIgniter\View\View->CodeIgniter\View\{closure}()
 7 SYSTEMPATH\Common.php(1178): CodeIgniter\View\View->render('Reservation', [], true)
 8 APPPATH\Controllers\Home.php(146): view('Reservation', [...])
 9 SYSTEMPATH\CodeIgniter.php(941): App\Controllers\Home->Reservation()
10 SYSTEMPATH\CodeIgniter.php(502): CodeIgniter\CodeIgniter->runController(Object(App\Controllers\Home))
11 SYSTEMPATH\CodeIgniter.php(361): CodeIgniter\CodeIgniter->handleRequest(null, Object(Config\Cache), false)
12 FCPATH\index.php(79): CodeIgniter\CodeIgniter->run()
CRITICAL - 2024-02-27 08:27:33 --> [Caused by] mysqli_sql_exception: Unknown column 'id' in 'where clause'
in SYSTEMPATH\Database\MySQLi\Connection.php on line 306.
 1 SYSTEMPATH\Database\MySQLi\Connection.php(306): mysqli->query('SELECT horaire FROM presentation WHERE id = \'13\'', 0)
 2 SYSTEMPATH\Database\BaseConnection.php(693): CodeIgniter\Database\MySQLi\Connection->execute('SELECT horaire FROM presentation WHERE id = \'13\'')
 3 SYSTEMPATH\Database\BaseConnection.php(607): CodeIgniter\Database\BaseConnection->simpleQuery('SELECT horaire FROM presentation WHERE id = \'13\'')
 4 APPPATH\Modele\Modele.php(45): CodeIgniter\Database\BaseConnection->query('SELECT horaire FROM presentation WHERE id = ?', [...])
 5 APPPATH\Views\Reservation.php(37): App\Modele\Modele->getLesPresentationheure('13')
 6 SYSTEMPATH\View\View.php(228): include('C:\\xampp\\htdocs\\GSB3\\app\\Views\\Reservation.php')
 7 SYSTEMPATH\View\View.php(231): CodeIgniter\View\View->CodeIgniter\View\{closure}()
 8 SYSTEMPATH\Common.php(1178): CodeIgniter\View\View->render('Reservation', [], true)
 9 APPPATH\Controllers\Home.php(146): view('Reservation', [...])
10 SYSTEMPATH\CodeIgniter.php(941): App\Controllers\Home->Reservation()
11 SYSTEMPATH\CodeIgniter.php(502): CodeIgniter\CodeIgniter->runController(Object(App\Controllers\Home))
12 SYSTEMPATH\CodeIgniter.php(361): CodeIgniter\CodeIgniter->handleRequest(null, Object(Config\Cache), false)
13 FCPATH\index.php(79): CodeIgniter\CodeIgniter->run()
CRITICAL - 2024-02-27 08:31:44 --> TypeError: Cannot access offset of type string on string
in APPPATH\Views\Reservation.php on line 40.
 1 SYSTEMPATH\View\View.php(228): include()
 2 SYSTEMPATH\View\View.php(231): CodeIgniter\View\View->CodeIgniter\View\{closure}()
 3 SYSTEMPATH\Common.php(1178): CodeIgniter\View\View->render('Reservation', [], true)
 4 APPPATH\Controllers\Home.php(146): view('Reservation', [...])
 5 SYSTEMPATH\CodeIgniter.php(941): App\Controllers\Home->Reservation()
 6 SYSTEMPATH\CodeIgniter.php(502): CodeIgniter\CodeIgniter->runController(Object(App\Controllers\Home))
 7 SYSTEMPATH\CodeIgniter.php(361): CodeIgniter\CodeIgniter->handleRequest(null, Object(Config\Cache), false)
 8 FCPATH\index.php(79): CodeIgniter\CodeIgniter->run()
CRITICAL - 2024-02-27 08:31:53 --> TypeError: Cannot access offset of type string on string
in APPPATH\Views\Reservation.php on line 40.
 1 SYSTEMPATH\View\View.php(228): include()
 2 SYSTEMPATH\View\View.php(231): CodeIgniter\View\View->CodeIgniter\View\{closure}()
 3 SYSTEMPATH\Common.php(1178): CodeIgniter\View\View->render('Reservation', [], true)
 4 APPPATH\Controllers\Home.php(146): view('Reservation', [...])
 5 SYSTEMPATH\CodeIgniter.php(941): App\Controllers\Home->Reservation()
 6 SYSTEMPATH\CodeIgniter.php(502): CodeIgniter\CodeIgniter->runController(Object(App\Controllers\Home))
 7 SYSTEMPATH\CodeIgniter.php(361): CodeIgniter\CodeIgniter->handleRequest(null, Object(Config\Cache), false)
 8 FCPATH\index.php(79): CodeIgniter\CodeIgniter->run()
CRITICAL - 2024-02-27 08:36:46 --> ErrorException: Undefined array key "nom"
in APPPATH\Views\Reservation.php on line 41.
 1 APPPATH\Views\Reservation.php(41): CodeIgniter\Debug\Exceptions->errorHandler(2, 'Undefined array key "nom"', 'C:\\xampp\\htdocs\\GSB3\\app\\Views\\Reservation.php', 41)
 2 SYSTEMPATH\View\View.php(228): include('C:\\xampp\\htdocs\\GSB3\\app\\Views\\Reservation.php')
 3 SYSTEMPATH\View\View.php(231): CodeIgniter\View\View->CodeIgniter\View\{closure}()
 4 SYSTEMPATH\Common.php(1178): CodeIgniter\View\View->render('Reservation', [], true)
 5 APPPATH\Controllers\Home.php(146): view('Reservation', [...])
 6 SYSTEMPATH\CodeIgniter.php(941): App\Controllers\Home->Reservation()
 7 SYSTEMPATH\CodeIgniter.php(502): CodeIgniter\CodeIgniter->runController(Object(App\Controllers\Home))
 8 SYSTEMPATH\CodeIgniter.php(361): CodeIgniter\CodeIgniter->handleRequest(null, Object(Config\Cache), false)
 9 FCPATH\index.php(79): CodeIgniter\CodeIgniter->run()
