CRITICAL - 2024-02-22 08:51:59 --> BadMethodCallException: Call to undefined method App\Modele\Modele::getPresentationsByConferenceId
in SYSTEMPATH\Model.php on line 874.
 1 APPPATH\Controllers\Home.php(229): CodeIgniter\Model->__call('getPresentationsByConferenceId', [...])
 2 SYSTEMPATH\CodeIgniter.php(941): App\Controllers\Home->getPresentations()
 3 SYSTEMPATH\CodeIgniter.php(502): CodeIgniter\CodeIgniter->runController(Object(App\Controllers\Home))
 4 SYSTEMPATH\CodeIgniter.php(361): CodeIgniter\CodeIgniter->handleRequest(null, Object(Config\Cache), false)
 5 FCPATH\index.php(79): CodeIgniter\CodeIgniter->run()
CRITICAL - 2024-02-22 08:52:08 --> BadMethodCallException: Call to undefined method App\Modele\Modele::getPresentationsByConferenceId
in SYSTEMPATH\Model.php on line 874.
 1 APPPATH\Controllers\Home.php(229): CodeIgniter\Model->__call('getPresentationsByConferenceId', [...])
 2 SYSTEMPATH\CodeIgniter.php(941): App\Controllers\Home->getPresentations()
 3 SYSTEMPATH\CodeIgniter.php(502): CodeIgniter\CodeIgniter->runController(Object(App\Controllers\Home))
 4 SYSTEMPATH\CodeIgniter.php(361): CodeIgniter\CodeIgniter->handleRequest(null, Object(Config\Cache), false)
 5 FCPATH\index.php(79): CodeIgniter\CodeIgniter->run()
CRITICAL - 2024-02-22 08:55:20 --> BadMethodCallException: Call to undefined method App\Modele\Modele::getPresentationsByConferenceId
in SYSTEMPATH\Model.php on line 874.
 1 APPPATH\Controllers\Home.php(229): CodeIgniter\Model->__call('getPresentationsByConferenceId', [...])
 2 SYSTEMPATH\CodeIgniter.php(941): App\Controllers\Home->getPresentations()
 3 SYSTEMPATH\CodeIgniter.php(502): CodeIgniter\CodeIgniter->runController(Object(App\Controllers\Home))
 4 SYSTEMPATH\CodeIgniter.php(361): CodeIgniter\CodeIgniter->handleRequest(null, Object(Config\Cache), false)
 5 FCPATH\index.php(79): CodeIgniter\CodeIgniter->run()
CRITICAL - 2024-02-22 08:55:23 --> BadMethodCallException: Call to undefined method App\Modele\Modele::getPresentationsByConferenceId
in SYSTEMPATH\Model.php on line 874.
 1 APPPATH\Controllers\Home.php(229): CodeIgniter\Model->__call('getPresentationsByConferenceId', [...])
 2 SYSTEMPATH\CodeIgniter.php(941): App\Controllers\Home->getPresentations()
 3 SYSTEMPATH\CodeIgniter.php(502): CodeIgniter\CodeIgniter->runController(Object(App\Controllers\Home))
 4 SYSTEMPATH\CodeIgniter.php(361): CodeIgniter\CodeIgniter->handleRequest(null, Object(Config\Cache), false)
 5 FCPATH\index.php(79): CodeIgniter\CodeIgniter->run()
CRITICAL - 2024-02-22 08:55:39 --> BadMethodCallException: Call to undefined method App\Modele\Modele::getPresentationsByConferenceId
in SYSTEMPATH\Model.php on line 874.
 1 APPPATH\Controllers\Home.php(229): CodeIgniter\Model->__call('getPresentationsByConferenceId', [...])
 2 SYSTEMPATH\CodeIgniter.php(941): App\Controllers\Home->getPresentations()
 3 SYSTEMPATH\CodeIgniter.php(502): CodeIgniter\CodeIgniter->runController(Object(App\Controllers\Home))
 4 SYSTEMPATH\CodeIgniter.php(361): CodeIgniter\CodeIgniter->handleRequest(null, Object(Config\Cache), false)
 5 FCPATH\index.php(79): CodeIgniter\CodeIgniter->run()
CRITICAL - 2024-02-22 08:58:34 --> BadMethodCallException: Call to undefined method App\Modele\Modele::getPresentationsByConferenceId
in SYSTEMPATH\Model.php on line 874.
 1 APPPATH\Controllers\Home.php(229): CodeIgniter\Model->__call('getPresentationsByConferenceId', [...])
 2 SYSTEMPATH\CodeIgniter.php(941): App\Controllers\Home->getPresentations()
 3 SYSTEMPATH\CodeIgniter.php(502): CodeIgniter\CodeIgniter->runController(Object(App\Controllers\Home))
 4 SYSTEMPATH\CodeIgniter.php(361): CodeIgniter\CodeIgniter->handleRequest(null, Object(Config\Cache), false)
 5 FCPATH\index.php(79): CodeIgniter\CodeIgniter->run()
CRITICAL - 2024-02-22 08:58:36 --> BadMethodCallException: Call to undefined method App\Modele\Modele::getPresentationsByConferenceId
in SYSTEMPATH\Model.php on line 874.
 1 APPPATH\Controllers\Home.php(229): CodeIgniter\Model->__call('getPresentationsByConferenceId', [...])
 2 SYSTEMPATH\CodeIgniter.php(941): App\Controllers\Home->getPresentations()
 3 SYSTEMPATH\CodeIgniter.php(502): CodeIgniter\CodeIgniter->runController(Object(App\Controllers\Home))
 4 SYSTEMPATH\CodeIgniter.php(361): CodeIgniter\CodeIgniter->handleRequest(null, Object(Config\Cache), false)
 5 FCPATH\index.php(79): CodeIgniter\CodeIgniter->run()
CRITICAL - 2024-02-22 08:58:39 --> BadMethodCallException: Call to undefined method App\Modele\Modele::getPresentationsByConferenceId
in SYSTEMPATH\Model.php on line 874.
 1 APPPATH\Controllers\Home.php(229): CodeIgniter\Model->__call('getPresentationsByConferenceId', [...])
 2 SYSTEMPATH\CodeIgniter.php(941): App\Controllers\Home->getPresentations()
 3 SYSTEMPATH\CodeIgniter.php(502): CodeIgniter\CodeIgniter->runController(Object(App\Controllers\Home))
 4 SYSTEMPATH\CodeIgniter.php(361): CodeIgniter\CodeIgniter->handleRequest(null, Object(Config\Cache), false)
 5 FCPATH\index.php(79): CodeIgniter\CodeIgniter->run()
CRITICAL - 2024-02-22 09:00:56 --> BadMethodCallException: Call to undefined method App\Modele\Modele::getPresentationsByConferenceId
in SYSTEMPATH\Model.php on line 874.
 1 APPPATH\Controllers\Home.php(229): CodeIgniter\Model->__call('getPresentationsByConferenceId', [...])
 2 SYSTEMPATH\CodeIgniter.php(941): App\Controllers\Home->getPresentations()
 3 SYSTEMPATH\CodeIgniter.php(502): CodeIgniter\CodeIgniter->runController(Object(App\Controllers\Home))
 4 SYSTEMPATH\CodeIgniter.php(361): CodeIgniter\CodeIgniter->handleRequest(null, Object(Config\Cache), false)
 5 FCPATH\index.php(79): CodeIgniter\CodeIgniter->run()
CRITICAL - 2024-02-22 09:00:59 --> BadMethodCallException: Call to undefined method App\Modele\Modele::getPresentationsByConferenceId
in SYSTEMPATH\Model.php on line 874.
 1 APPPATH\Controllers\Home.php(229): CodeIgniter\Model->__call('getPresentationsByConferenceId', [...])
 2 SYSTEMPATH\CodeIgniter.php(941): App\Controllers\Home->getPresentations()
 3 SYSTEMPATH\CodeIgniter.php(502): CodeIgniter\CodeIgniter->runController(Object(App\Controllers\Home))
 4 SYSTEMPATH\CodeIgniter.php(361): CodeIgniter\CodeIgniter->handleRequest(null, Object(Config\Cache), false)
 5 FCPATH\index.php(79): CodeIgniter\CodeIgniter->run()
CRITICAL - 2024-02-22 09:04:24 --> BadMethodCallException: Call to undefined method App\Modele\Modele::getPresentationsByConferenceId
in SYSTEMPATH\Model.php on line 874.
 1 APPPATH\Controllers\Home.php(229): CodeIgniter\Model->__call('getPresentationsByConferenceId', [...])
 2 SYSTEMPATH\CodeIgniter.php(941): App\Controllers\Home->getPresentations()
 3 SYSTEMPATH\CodeIgniter.php(502): CodeIgniter\CodeIgniter->runController(Object(App\Controllers\Home))
 4 SYSTEMPATH\CodeIgniter.php(361): CodeIgniter\CodeIgniter->handleRequest(null, Object(Config\Cache), false)
 5 FCPATH\index.php(79): CodeIgniter\CodeIgniter->run()
CRITICAL - 2024-02-22 09:04:44 --> ErrorException: Undefined array key "conferenceId"
in APPPATH\Controllers\Home.php on line 224.
 1 APPPATH\Controllers\Home.php(224): CodeIgniter\Debug\Exceptions->errorHandler(2, 'Undefined array key "conferenceId"', 'C:\\xampp\\htdocs\\GSB3\\app\\Controllers\\Home.php', 224)
 2 SYSTEMPATH\CodeIgniter.php(941): App\Controllers\Home->getPresentations()
 3 SYSTEMPATH\CodeIgniter.php(502): CodeIgniter\CodeIgniter->runController(Object(App\Controllers\Home))
 4 SYSTEMPATH\CodeIgniter.php(361): CodeIgniter\CodeIgniter->handleRequest(null, Object(Config\Cache), false)
 5 FCPATH\index.php(79): CodeIgniter\CodeIgniter->run()
CRITICAL - 2024-02-22 09:06:41 --> ErrorException: Undefined array key "conferenceId"
in APPPATH\Controllers\Home.php on line 224.
 1 APPPATH\Controllers\Home.php(224): CodeIgniter\Debug\Exceptions->errorHandler(2, 'Undefined array key "conferenceId"', 'C:\\xampp\\htdocs\\GSB3\\app\\Controllers\\Home.php', 224)
 2 SYSTEMPATH\CodeIgniter.php(941): App\Controllers\Home->getPresentations()
 3 SYSTEMPATH\CodeIgniter.php(502): CodeIgniter\CodeIgniter->runController(Object(App\Controllers\Home))
 4 SYSTEMPATH\CodeIgniter.php(361): CodeIgniter\CodeIgniter->handleRequest(null, Object(Config\Cache), false)
 5 FCPATH\index.php(79): CodeIgniter\CodeIgniter->run()
CRITICAL - 2024-02-22 09:06:52 --> ErrorException: Undefined array key "conferenceId"
in APPPATH\Controllers\Home.php on line 224.
 1 APPPATH\Controllers\Home.php(224): CodeIgniter\Debug\Exceptions->errorHandler(2, 'Undefined array key "conferenceId"', 'C:\\xampp\\htdocs\\GSB3\\app\\Controllers\\Home.php', 224)
 2 SYSTEMPATH\CodeIgniter.php(941): App\Controllers\Home->getPresentations()
 3 SYSTEMPATH\CodeIgniter.php(502): CodeIgniter\CodeIgniter->runController(Object(App\Controllers\Home))
 4 SYSTEMPATH\CodeIgniter.php(361): CodeIgniter\CodeIgniter->handleRequest(null, Object(Config\Cache), false)
 5 FCPATH\index.php(79): CodeIgniter\CodeIgniter->run()
CRITICAL - 2024-02-22 09:11:22 --> BadMethodCallException: Call to undefined method App\Modele\Modele::getPresentationsByConferenceId
in SYSTEMPATH\Model.php on line 874.
 1 APPPATH\Controllers\Home.php(234): CodeIgniter\Model->__call('getPresentationsByConferenceId', [...])
 2 SYSTEMPATH\CodeIgniter.php(941): App\Controllers\Home->getPresentations()
 3 SYSTEMPATH\CodeIgniter.php(502): CodeIgniter\CodeIgniter->runController(Object(App\Controllers\Home))
 4 SYSTEMPATH\CodeIgniter.php(361): CodeIgniter\CodeIgniter->handleRequest(null, Object(Config\Cache), false)
 5 FCPATH\index.php(79): CodeIgniter\CodeIgniter->run()
CRITICAL - 2024-02-22 09:11:28 --> BadMethodCallException: Call to undefined method App\Modele\Modele::getPresentationsByConferenceId
in SYSTEMPATH\Model.php on line 874.
 1 APPPATH\Controllers\Home.php(234): CodeIgniter\Model->__call('getPresentationsByConferenceId', [...])
 2 SYSTEMPATH\CodeIgniter.php(941): App\Controllers\Home->getPresentations()
 3 SYSTEMPATH\CodeIgniter.php(502): CodeIgniter\CodeIgniter->runController(Object(App\Controllers\Home))
 4 SYSTEMPATH\CodeIgniter.php(361): CodeIgniter\CodeIgniter->handleRequest(null, Object(Config\Cache), false)
 5 FCPATH\index.php(79): CodeIgniter\CodeIgniter->run()
CRITICAL - 2024-02-22 09:12:00 --> BadMethodCallException: Call to undefined method App\Modele\Modele::getPresentationsByConferenceId
in SYSTEMPATH\Model.php on line 874.
 1 APPPATH\Controllers\Home.php(234): CodeIgniter\Model->__call('getPresentationsByConferenceId', [...])
 2 SYSTEMPATH\CodeIgniter.php(941): App\Controllers\Home->getPresentations()
 3 SYSTEMPATH\CodeIgniter.php(502): CodeIgniter\CodeIgniter->runController(Object(App\Controllers\Home))
 4 SYSTEMPATH\CodeIgniter.php(361): CodeIgniter\CodeIgniter->handleRequest(null, Object(Config\Cache), false)
 5 FCPATH\index.php(79): CodeIgniter\CodeIgniter->run()
CRITICAL - 2024-02-22 09:12:03 --> BadMethodCallException: Call to undefined method App\Modele\Modele::getPresentationsByConferenceId
in SYSTEMPATH\Model.php on line 874.
 1 APPPATH\Controllers\Home.php(234): CodeIgniter\Model->__call('getPresentationsByConferenceId', [...])
 2 SYSTEMPATH\CodeIgniter.php(941): App\Controllers\Home->getPresentations()
 3 SYSTEMPATH\CodeIgniter.php(502): CodeIgniter\CodeIgniter->runController(Object(App\Controllers\Home))
 4 SYSTEMPATH\CodeIgniter.php(361): CodeIgniter\CodeIgniter->handleRequest(null, Object(Config\Cache), false)
 5 FCPATH\index.php(79): CodeIgniter\CodeIgniter->run()
CRITICAL - 2024-02-22 09:30:49 --> BadMethodCallException: Call to undefined method App\Modele\Modele::getPresentationsByConferenceId
in SYSTEMPATH\Model.php on line 874.
 1 APPPATH\Controllers\Home.php(229): CodeIgniter\Model->__call('getPresentationsByConferenceId', [...])
 2 SYSTEMPATH\CodeIgniter.php(941): App\Controllers\Home->getPresentations()
 3 SYSTEMPATH\CodeIgniter.php(502): CodeIgniter\CodeIgniter->runController(Object(App\Controllers\Home))
 4 SYSTEMPATH\CodeIgniter.php(361): CodeIgniter\CodeIgniter->handleRequest(null, Object(Config\Cache), false)
 5 FCPATH\index.php(79): CodeIgniter\CodeIgniter->run()
CRITICAL - 2024-02-22 09:30:53 --> BadMethodCallException: Call to undefined method App\Modele\Modele::getPresentationsByConferenceId
in SYSTEMPATH\Model.php on line 874.
 1 APPPATH\Controllers\Home.php(229): CodeIgniter\Model->__call('getPresentationsByConferenceId', [...])
 2 SYSTEMPATH\CodeIgniter.php(941): App\Controllers\Home->getPresentations()
 3 SYSTEMPATH\CodeIgniter.php(502): CodeIgniter\CodeIgniter->runController(Object(App\Controllers\Home))
 4 SYSTEMPATH\CodeIgniter.php(361): CodeIgniter\CodeIgniter->handleRequest(null, Object(Config\Cache), false)
 5 FCPATH\index.php(79): CodeIgniter\CodeIgniter->run()
CRITICAL - 2024-02-22 09:55:50 --> Error: Call to undefined function form_open()
in APPPATH\Views\Reservation.php on line 16.
 1 SYSTEMPATH\View\View.php(228): include()
 2 SYSTEMPATH\View\View.php(231): CodeIgniter\View\View->CodeIgniter\View\{closure}()
 3 SYSTEMPATH\Common.php(1178): CodeIgniter\View\View->render('Reservation', [], true)
 4 APPPATH\Controllers\Home.php(146): view('Reservation', [...])
 5 SYSTEMPATH\CodeIgniter.php(941): App\Controllers\Home->Reservation()
 6 SYSTEMPATH\CodeIgniter.php(502): CodeIgniter\CodeIgniter->runController(Object(App\Controllers\Home))
 7 SYSTEMPATH\CodeIgniter.php(361): CodeIgniter\CodeIgniter->handleRequest(null, Object(Config\Cache), false)
 8 FCPATH\index.php(79): CodeIgniter\CodeIgniter->run()
CRITICAL - 2024-02-22 09:57:26 --> ErrorException: Undefined array key "theme"
in APPPATH\Views\Reservation.php on line 40.
 1 APPPATH\Views\Reservation.php(40): CodeIgniter\Debug\Exceptions->errorHandler(2, 'Undefined array key "theme"', 'C:\\xampp\\htdocs\\GSB3\\app\\Views\\Reservation.php', 40)
 2 SYSTEMPATH\View\View.php(228): include('C:\\xampp\\htdocs\\GSB3\\app\\Views\\Reservation.php')
 3 SYSTEMPATH\View\View.php(231): CodeIgniter\View\View->CodeIgniter\View\{closure}()
 4 SYSTEMPATH\Common.php(1178): CodeIgniter\View\View->render('Reservation', [], true)
 5 APPPATH\Controllers\Home.php(146): view('Reservation', [...])
 6 SYSTEMPATH\CodeIgniter.php(941): App\Controllers\Home->Reservation()
 7 SYSTEMPATH\CodeIgniter.php(502): CodeIgniter\CodeIgniter->runController(Object(App\Controllers\Home))
 8 SYSTEMPATH\CodeIgniter.php(361): CodeIgniter\CodeIgniter->handleRequest(null, Object(Config\Cache), false)
 9 FCPATH\index.php(79): CodeIgniter\CodeIgniter->run()
CRITICAL - 2024-02-22 09:57:55 --> ErrorException: Undefined array key "conference_theme"
in APPPATH\Views\Reservation.php on line 40.
 1 APPPATH\Views\Reservation.php(40): CodeIgniter\Debug\Exceptions->errorHandler(2, 'Undefined array key "conference_theme"', 'C:\\xampp\\htdocs\\GSB3\\app\\Views\\Reservation.php', 40)
 2 SYSTEMPATH\View\View.php(228): include('C:\\xampp\\htdocs\\GSB3\\app\\Views\\Reservation.php')
 3 SYSTEMPATH\View\View.php(231): CodeIgniter\View\View->CodeIgniter\View\{closure}()
 4 SYSTEMPATH\Common.php(1178): CodeIgniter\View\View->render('Reservation', [], true)
 5 APPPATH\Controllers\Home.php(146): view('Reservation', [...])
 6 SYSTEMPATH\CodeIgniter.php(941): App\Controllers\Home->Reservation()
 7 SYSTEMPATH\CodeIgniter.php(502): CodeIgniter\CodeIgniter->runController(Object(App\Controllers\Home))
 8 SYSTEMPATH\CodeIgniter.php(361): CodeIgniter\CodeIgniter->handleRequest(null, Object(Config\Cache), false)
 9 FCPATH\index.php(79): CodeIgniter\CodeIgniter->run()
CRITICAL - 2024-02-22 10:06:28 --> ErrorException: Array to string conversion
in SYSTEMPATH\Database\Query.php on line 357.
 1 [internal function]: CodeIgniter\Debug\Exceptions->errorHandler(2, 'Array to string conversion', 'C:\\xampp\\htdocs\\GSB3\\system\\Database\\Query.php', 357)
 2 SYSTEMPATH\Database\Query.php(357): implode(',', [...])
 3 SYSTEMPATH\Database\Query.php(302): CodeIgniter\Database\Query->matchSimpleBinds('SELECT horaire FROM presentation WHERE idconference = ?', [...], 1, 1)
 4 SYSTEMPATH\Database\Query.php(159): CodeIgniter\Database\Query->compileBinds()
 5 SYSTEMPATH\Database\BaseConnection.php(607): CodeIgniter\Database\Query->getQuery()
 6 APPPATH\Modele\Modele.php(45): CodeIgniter\Database\BaseConnection->query('SELECT horaire FROM presentation WHERE idconference = ?', [...])
 7 APPPATH\Views\Reservation.php(37): App\Modele\Modele->getLesPresentationheure1([...])
 8 SYSTEMPATH\View\View.php(228): include('C:\\xampp\\htdocs\\GSB3\\app\\Views\\Reservation.php')
 9 SYSTEMPATH\View\View.php(231): CodeIgniter\View\View->CodeIgniter\View\{closure}()
10 SYSTEMPATH\Common.php(1178): CodeIgniter\View\View->render('Reservation', [], true)
11 APPPATH\Controllers\Home.php(146): view('Reservation', [...])
12 SYSTEMPATH\CodeIgniter.php(941): App\Controllers\Home->Reservation()
13 SYSTEMPATH\CodeIgniter.php(502): CodeIgniter\CodeIgniter->runController(Object(App\Controllers\Home))
14 SYSTEMPATH\CodeIgniter.php(361): CodeIgniter\CodeIgniter->handleRequest(null, Object(Config\Cache), false)
15 FCPATH\index.php(79): CodeIgniter\CodeIgniter->run()
ERROR - 2024-02-22 10:06:56 --> mysqli_sql_exception: You have an error in your SQL syntax; check the manual that corresponds to your MariaDB server version for the right syntax to use near '?' at line 1 in C:\xampp\htdocs\GSB3\system\Database\MySQLi\Connection.php:306
Stack trace:
#0 C:\xampp\htdocs\GSB3\system\Database\MySQLi\Connection.php(306): mysqli->query('SELECT horaire ...', 0)
#1 C:\xampp\htdocs\GSB3\system\Database\BaseConnection.php(693): CodeIgniter\Database\MySQLi\Connection->execute('SELECT horaire ...')
#2 C:\xampp\htdocs\GSB3\system\Database\BaseConnection.php(607): CodeIgniter\Database\BaseConnection->simpleQuery('SELECT horaire ...')
#3 C:\xampp\htdocs\GSB3\app\Modele\Modele.php(45): CodeIgniter\Database\BaseConnection->query('SELECT horaire ...', Array)
#4 C:\xampp\htdocs\GSB3\app\Views\Reservation.php(37): App\Modele\Modele->getLesPresentationheure1(Array)
#5 C:\xampp\htdocs\GSB3\system\View\View.php(228): include('C:\\xampp\\htdocs...')
#6 C:\xampp\htdocs\GSB3\system\View\View.php(231): CodeIgniter\View\View->CodeIgniter\View\{closure}()
#7 C:\xampp\htdocs\GSB3\system\Common.php(1178): CodeIgniter\View\View->render('Reservation', Array, true)
#8 C:\xampp\htdocs\GSB3\app\Controllers\Home.php(146): view('Reservation', Array)
#9 C:\xampp\htdocs\GSB3\system\CodeIgniter.php(941): App\Controllers\Home->Reservation()
#10 C:\xampp\htdocs\GSB3\system\CodeIgniter.php(502): CodeIgniter\CodeIgniter->runController(Object(App\Controllers\Home))
#11 C:\xampp\htdocs\GSB3\system\CodeIgniter.php(361): CodeIgniter\CodeIgniter->handleRequest(NULL, Object(Config\Cache), false)
#12 C:\xampp\htdocs\GSB3\public\index.php(79): CodeIgniter\CodeIgniter->run()
#13 {main}
CRITICAL - 2024-02-22 10:06:56 --> CodeIgniter\Database\Exceptions\DatabaseException: You have an error in your SQL syntax; check the manual that corresponds to your MariaDB server version for the right syntax to use near '?' at line 1
in SYSTEMPATH\Database\BaseConnection.php on line 647.
 1 APPPATH\Modele\Modele.php(45): CodeIgniter\Database\BaseConnection->query('SELECT horaire FROM presentation WHERE idconference = ?', [...])
 2 APPPATH\Views\Reservation.php(37): App\Modele\Modele->getLesPresentationheure1([...])
 3 SYSTEMPATH\View\View.php(228): include('C:\\xampp\\htdocs\\GSB3\\app\\Views\\Reservation.php')
 4 SYSTEMPATH\View\View.php(231): CodeIgniter\View\View->CodeIgniter\View\{closure}()
 5 SYSTEMPATH\Common.php(1178): CodeIgniter\View\View->render('Reservation', [], true)
 6 APPPATH\Controllers\Home.php(146): view('Reservation', [...])
 7 SYSTEMPATH\CodeIgniter.php(941): App\Controllers\Home->Reservation()
 8 SYSTEMPATH\CodeIgniter.php(502): CodeIgniter\CodeIgniter->runController(Object(App\Controllers\Home))
 9 SYSTEMPATH\CodeIgniter.php(361): CodeIgniter\CodeIgniter->handleRequest(null, Object(Config\Cache), false)
10 FCPATH\index.php(79): CodeIgniter\CodeIgniter->run()
CRITICAL - 2024-02-22 10:06:56 --> [Caused by] CodeIgniter\Database\Exceptions\DatabaseException: You have an error in your SQL syntax; check the manual that corresponds to your MariaDB server version for the right syntax to use near '?' at line 1
in SYSTEMPATH\Database\MySQLi\Connection.php on line 311.
 1 SYSTEMPATH\Database\BaseConnection.php(693): CodeIgniter\Database\MySQLi\Connection->execute('SELECT horaire FROM presentation WHERE idconference = ?')
 2 SYSTEMPATH\Database\BaseConnection.php(607): CodeIgniter\Database\BaseConnection->simpleQuery('SELECT horaire FROM presentation WHERE idconference = ?')
 3 APPPATH\Modele\Modele.php(45): CodeIgniter\Database\BaseConnection->query('SELECT horaire FROM presentation WHERE idconference = ?', [...])
 4 APPPATH\Views\Reservation.php(37): App\Modele\Modele->getLesPresentationheure1([...])
 5 SYSTEMPATH\View\View.php(228): include('C:\\xampp\\htdocs\\GSB3\\app\\Views\\Reservation.php')
 6 SYSTEMPATH\View\View.php(231): CodeIgniter\View\View->CodeIgniter\View\{closure}()
 7 SYSTEMPATH\Common.php(1178): CodeIgniter\View\View->render('Reservation', [], true)
 8 APPPATH\Controllers\Home.php(146): view('Reservation', [...])
 9 SYSTEMPATH\CodeIgniter.php(941): App\Controllers\Home->Reservation()
10 SYSTEMPATH\CodeIgniter.php(502): CodeIgniter\CodeIgniter->runController(Object(App\Controllers\Home))
11 SYSTEMPATH\CodeIgniter.php(361): CodeIgniter\CodeIgniter->handleRequest(null, Object(Config\Cache), false)
12 FCPATH\index.php(79): CodeIgniter\CodeIgniter->run()
CRITICAL - 2024-02-22 10:06:56 --> [Caused by] mysqli_sql_exception: You have an error in your SQL syntax; check the manual that corresponds to your MariaDB server version for the right syntax to use near '?' at line 1
in SYSTEMPATH\Database\MySQLi\Connection.php on line 306.
 1 SYSTEMPATH\Database\MySQLi\Connection.php(306): mysqli->query('SELECT horaire FROM presentation WHERE idconference = ?', 0)
 2 SYSTEMPATH\Database\BaseConnection.php(693): CodeIgniter\Database\MySQLi\Connection->execute('SELECT horaire FROM presentation WHERE idconference = ?')
 3 SYSTEMPATH\Database\BaseConnection.php(607): CodeIgniter\Database\BaseConnection->simpleQuery('SELECT horaire FROM presentation WHERE idconference = ?')
 4 APPPATH\Modele\Modele.php(45): CodeIgniter\Database\BaseConnection->query('SELECT horaire FROM presentation WHERE idconference = ?', [...])
 5 APPPATH\Views\Reservation.php(37): App\Modele\Modele->getLesPresentationheure1([...])
 6 SYSTEMPATH\View\View.php(228): include('C:\\xampp\\htdocs\\GSB3\\app\\Views\\Reservation.php')
 7 SYSTEMPATH\View\View.php(231): CodeIgniter\View\View->CodeIgniter\View\{closure}()
 8 SYSTEMPATH\Common.php(1178): CodeIgniter\View\View->render('Reservation', [], true)
 9 APPPATH\Controllers\Home.php(146): view('Reservation', [...])
10 SYSTEMPATH\CodeIgniter.php(941): App\Controllers\Home->Reservation()
11 SYSTEMPATH\CodeIgniter.php(502): CodeIgniter\CodeIgniter->runController(Object(App\Controllers\Home))
12 SYSTEMPATH\CodeIgniter.php(361): CodeIgniter\CodeIgniter->handleRequest(null, Object(Config\Cache), false)
13 FCPATH\index.php(79): CodeIgniter\CodeIgniter->run()
ERROR - 2024-02-22 10:07:25 --> mysqli_sql_exception: You have an error in your SQL syntax; check the manual that corresponds to your MariaDB server version for the right syntax to use near '? $conferenceId' at line 1 in C:\xampp\htdocs\GSB3\system\Database\MySQLi\Connection.php:306
Stack trace:
#0 C:\xampp\htdocs\GSB3\system\Database\MySQLi\Connection.php(306): mysqli->query('SELECT horaire ...', 0)
#1 C:\xampp\htdocs\GSB3\system\Database\BaseConnection.php(693): CodeIgniter\Database\MySQLi\Connection->execute('SELECT horaire ...')
#2 C:\xampp\htdocs\GSB3\system\Database\BaseConnection.php(607): CodeIgniter\Database\BaseConnection->simpleQuery('SELECT horaire ...')
#3 C:\xampp\htdocs\GSB3\app\Modele\Modele.php(45): CodeIgniter\Database\BaseConnection->query('SELECT horaire ...')
#4 C:\xampp\htdocs\GSB3\app\Views\Reservation.php(37): App\Modele\Modele->getLesPresentationheure1(Array)
#5 C:\xampp\htdocs\GSB3\system\View\View.php(228): include('C:\\xampp\\htdocs...')
#6 C:\xampp\htdocs\GSB3\system\View\View.php(231): CodeIgniter\View\View->CodeIgniter\View\{closure}()
#7 C:\xampp\htdocs\GSB3\system\Common.php(1178): CodeIgniter\View\View->render('Reservation', Array, true)
#8 C:\xampp\htdocs\GSB3\app\Controllers\Home.php(146): view('Reservation', Array)
#9 C:\xampp\htdocs\GSB3\system\CodeIgniter.php(941): App\Controllers\Home->Reservation()
#10 C:\xampp\htdocs\GSB3\system\CodeIgniter.php(502): CodeIgniter\CodeIgniter->runController(Object(App\Controllers\Home))
#11 C:\xampp\htdocs\GSB3\system\CodeIgniter.php(361): CodeIgniter\CodeIgniter->handleRequest(NULL, Object(Config\Cache), false)
#12 C:\xampp\htdocs\GSB3\public\index.php(79): CodeIgniter\CodeIgniter->run()
#13 {main}
CRITICAL - 2024-02-22 10:07:25 --> CodeIgniter\Database\Exceptions\DatabaseException: You have an error in your SQL syntax; check the manual that corresponds to your MariaDB server version for the right syntax to use near '? $conferenceId' at line 1
in SYSTEMPATH\Database\BaseConnection.php on line 647.
 1 APPPATH\Modele\Modele.php(45): CodeIgniter\Database\BaseConnection->query('SELECT horaire FROM presentation WHERE idconference = ? $conferenceId')
 2 APPPATH\Views\Reservation.php(37): App\Modele\Modele->getLesPresentationheure1([...])
 3 SYSTEMPATH\View\View.php(228): include('C:\\xampp\\htdocs\\GSB3\\app\\Views\\Reservation.php')
 4 SYSTEMPATH\View\View.php(231): CodeIgniter\View\View->CodeIgniter\View\{closure}()
 5 SYSTEMPATH\Common.php(1178): CodeIgniter\View\View->render('Reservation', [], true)
 6 APPPATH\Controllers\Home.php(146): view('Reservation', [...])
 7 SYSTEMPATH\CodeIgniter.php(941): App\Controllers\Home->Reservation()
 8 SYSTEMPATH\CodeIgniter.php(502): CodeIgniter\CodeIgniter->runController(Object(App\Controllers\Home))
 9 SYSTEMPATH\CodeIgniter.php(361): CodeIgniter\CodeIgniter->handleRequest(null, Object(Config\Cache), false)
10 FCPATH\index.php(79): CodeIgniter\CodeIgniter->run()
CRITICAL - 2024-02-22 10:07:25 --> [Caused by] CodeIgniter\Database\Exceptions\DatabaseException: You have an error in your SQL syntax; check the manual that corresponds to your MariaDB server version for the right syntax to use near '? $conferenceId' at line 1
in SYSTEMPATH\Database\MySQLi\Connection.php on line 311.
 1 SYSTEMPATH\Database\BaseConnection.php(693): CodeIgniter\Database\MySQLi\Connection->execute('SELECT horaire FROM presentation WHERE idconference = ? $conferenceId')
 2 SYSTEMPATH\Database\BaseConnection.php(607): CodeIgniter\Database\BaseConnection->simpleQuery('SELECT horaire FROM presentation WHERE idconference = ? $conferenceId')
 3 APPPATH\Modele\Modele.php(45): CodeIgniter\Database\BaseConnection->query('SELECT horaire FROM presentation WHERE idconference = ? $conferenceId')
 4 APPPATH\Views\Reservation.php(37): App\Modele\Modele->getLesPresentationheure1([...])
 5 SYSTEMPATH\View\View.php(228): include('C:\\xampp\\htdocs\\GSB3\\app\\Views\\Reservation.php')
 6 SYSTEMPATH\View\View.php(231): CodeIgniter\View\View->CodeIgniter\View\{closure}()
 7 SYSTEMPATH\Common.php(1178): CodeIgniter\View\View->render('Reservation', [], true)
 8 APPPATH\Controllers\Home.php(146): view('Reservation', [...])
 9 SYSTEMPATH\CodeIgniter.php(941): App\Controllers\Home->Reservation()
10 SYSTEMPATH\CodeIgniter.php(502): CodeIgniter\CodeIgniter->runController(Object(App\Controllers\Home))
11 SYSTEMPATH\CodeIgniter.php(361): CodeIgniter\CodeIgniter->handleRequest(null, Object(Config\Cache), false)
12 FCPATH\index.php(79): CodeIgniter\CodeIgniter->run()
CRITICAL - 2024-02-22 10:07:25 --> [Caused by] mysqli_sql_exception: You have an error in your SQL syntax; check the manual that corresponds to your MariaDB server version for the right syntax to use near '? $conferenceId' at line 1
in SYSTEMPATH\Database\MySQLi\Connection.php on line 306.
 1 SYSTEMPATH\Database\MySQLi\Connection.php(306): mysqli->query('SELECT horaire FROM presentation WHERE idconference = ? $conferenceId', 0)
 2 SYSTEMPATH\Database\BaseConnection.php(693): CodeIgniter\Database\MySQLi\Connection->execute('SELECT horaire FROM presentation WHERE idconference = ? $conferenceId')
 3 SYSTEMPATH\Database\BaseConnection.php(607): CodeIgniter\Database\BaseConnection->simpleQuery('SELECT horaire FROM presentation WHERE idconference = ? $conferenceId')
 4 APPPATH\Modele\Modele.php(45): CodeIgniter\Database\BaseConnection->query('SELECT horaire FROM presentation WHERE idconference = ? $conferenceId')
 5 APPPATH\Views\Reservation.php(37): App\Modele\Modele->getLesPresentationheure1([...])
 6 SYSTEMPATH\View\View.php(228): include('C:\\xampp\\htdocs\\GSB3\\app\\Views\\Reservation.php')
 7 SYSTEMPATH\View\View.php(231): CodeIgniter\View\View->CodeIgniter\View\{closure}()
 8 SYSTEMPATH\Common.php(1178): CodeIgniter\View\View->render('Reservation', [], true)
 9 APPPATH\Controllers\Home.php(146): view('Reservation', [...])
10 SYSTEMPATH\CodeIgniter.php(941): App\Controllers\Home->Reservation()
11 SYSTEMPATH\CodeIgniter.php(502): CodeIgniter\CodeIgniter->runController(Object(App\Controllers\Home))
12 SYSTEMPATH\CodeIgniter.php(361): CodeIgniter\CodeIgniter->handleRequest(null, Object(Config\Cache), false)
13 FCPATH\index.php(79): CodeIgniter\CodeIgniter->run()
CRITICAL - 2024-02-22 10:08:48 --> ErrorException: Array to string conversion
in SYSTEMPATH\Database\Query.php on line 327.
 1 [internal function]: CodeIgniter\Debug\Exceptions->errorHandler(2, 'Array to string conversion', 'C:\\xampp\\htdocs\\GSB3\\system\\Database\\Query.php', 327)
 2 SYSTEMPATH\Database\Query.php(327): implode(',', [...])
 3 SYSTEMPATH\Database\Query.php(308): CodeIgniter\Database\Query->matchNamedBinds('SELECT `horaire`
FROM `presentation`
WHERE `idconference` = :idconference:', [...])
 4 SYSTEMPATH\Database\Query.php(159): CodeIgniter\Database\Query->compileBinds()
 5 SYSTEMPATH\Database\BaseConnection.php(607): CodeIgniter\Database\Query->getQuery()
 6 SYSTEMPATH\Database\BaseBuilder.php(1616): CodeIgniter\Database\BaseConnection->query('SELECT `horaire`
FROM `presentation`
WHERE `idconference` = :idconference:', [...], false)
 7 APPPATH\Modele\Modele.php(49): CodeIgniter\Database\BaseBuilder->get()
 8 APPPATH\Views\Reservation.php(37): App\Modele\Modele->getLesPresentationheure1([...])
 9 SYSTEMPATH\View\View.php(228): include('C:\\xampp\\htdocs\\GSB3\\app\\Views\\Reservation.php')
10 SYSTEMPATH\View\View.php(231): CodeIgniter\View\View->CodeIgniter\View\{closure}()
11 SYSTEMPATH\Common.php(1178): CodeIgniter\View\View->render('Reservation', [], true)
12 APPPATH\Controllers\Home.php(146): view('Reservation', [...])
13 SYSTEMPATH\CodeIgniter.php(941): App\Controllers\Home->Reservation()
14 SYSTEMPATH\CodeIgniter.php(502): CodeIgniter\CodeIgniter->runController(Object(App\Controllers\Home))
15 SYSTEMPATH\CodeIgniter.php(361): CodeIgniter\CodeIgniter->handleRequest(null, Object(Config\Cache), false)
16 FCPATH\index.php(79): CodeIgniter\CodeIgniter->run()
CRITICAL - 2024-02-22 10:09:23 --> ErrorException: Array to string conversion
in SYSTEMPATH\Database\Query.php on line 327.
 1 [internal function]: CodeIgniter\Debug\Exceptions->errorHandler(2, 'Array to string conversion', 'C:\\xampp\\htdocs\\GSB3\\system\\Database\\Query.php', 327)
 2 SYSTEMPATH\Database\Query.php(327): implode(',', [...])
 3 SYSTEMPATH\Database\Query.php(308): CodeIgniter\Database\Query->matchNamedBinds('SELECT *
FROM `presentation`
WHERE `idconference` = :idconference:', [...])
 4 SYSTEMPATH\Database\Query.php(159): CodeIgniter\Database\Query->compileBinds()
 5 SYSTEMPATH\Database\BaseConnection.php(607): CodeIgniter\Database\Query->getQuery()
 6 SYSTEMPATH\Database\BaseBuilder.php(1616): CodeIgniter\Database\BaseConnection->query('SELECT *
FROM `presentation`
WHERE `idconference` = :idconference:', [...], false)
 7 APPPATH\Modele\Modele.php(49): CodeIgniter\Database\BaseBuilder->get()
 8 APPPATH\Views\Reservation.php(37): App\Modele\Modele->getLesPresentationheure1([...])
 9 SYSTEMPATH\View\View.php(228): include('C:\\xampp\\htdocs\\GSB3\\app\\Views\\Reservation.php')
10 SYSTEMPATH\View\View.php(231): CodeIgniter\View\View->CodeIgniter\View\{closure}()
11 SYSTEMPATH\Common.php(1178): CodeIgniter\View\View->render('Reservation', [], true)
12 APPPATH\Controllers\Home.php(146): view('Reservation', [...])
13 SYSTEMPATH\CodeIgniter.php(941): App\Controllers\Home->Reservation()
14 SYSTEMPATH\CodeIgniter.php(502): CodeIgniter\CodeIgniter->runController(Object(App\Controllers\Home))
15 SYSTEMPATH\CodeIgniter.php(361): CodeIgniter\CodeIgniter->handleRequest(null, Object(Config\Cache), false)
16 FCPATH\index.php(79): CodeIgniter\CodeIgniter->run()
CRITICAL - 2024-02-22 10:10:48 --> ErrorException: Array to string conversion
in SYSTEMPATH\Database\Query.php on line 327.
 1 [internal function]: CodeIgniter\Debug\Exceptions->errorHandler(2, 'Array to string conversion', 'C:\\xampp\\htdocs\\GSB3\\system\\Database\\Query.php', 327)
 2 SYSTEMPATH\Database\Query.php(327): implode(',', [...])
 3 SYSTEMPATH\Database\Query.php(308): CodeIgniter\Database\Query->matchNamedBinds('SELECT *
FROM `presentation`
WHERE `idconference` = :idconference:', [...])
 4 SYSTEMPATH\Database\Query.php(159): CodeIgniter\Database\Query->compileBinds()
 5 SYSTEMPATH\Database\BaseConnection.php(607): CodeIgniter\Database\Query->getQuery()
 6 SYSTEMPATH\Database\BaseBuilder.php(1616): CodeIgniter\Database\BaseConnection->query('SELECT *
FROM `presentation`
WHERE `idconference` = :idconference:', [...], false)
 7 APPPATH\Modele\Modele.php(49): CodeIgniter\Database\BaseBuilder->get()
 8 APPPATH\Views\Reservation.php(37): App\Modele\Modele->getLesPresentationheure1([...])
 9 SYSTEMPATH\View\View.php(228): include('C:\\xampp\\htdocs\\GSB3\\app\\Views\\Reservation.php')
10 SYSTEMPATH\View\View.php(231): CodeIgniter\View\View->CodeIgniter\View\{closure}()
11 SYSTEMPATH\Common.php(1178): CodeIgniter\View\View->render('Reservation', [], true)
12 APPPATH\Controllers\Home.php(146): view('Reservation', [...])
13 SYSTEMPATH\CodeIgniter.php(941): App\Controllers\Home->Reservation()
14 SYSTEMPATH\CodeIgniter.php(502): CodeIgniter\CodeIgniter->runController(Object(App\Controllers\Home))
15 SYSTEMPATH\CodeIgniter.php(361): CodeIgniter\CodeIgniter->handleRequest(null, Object(Config\Cache), false)
16 FCPATH\index.php(79): CodeIgniter\CodeIgniter->run()
