CRITICAL - 2024-02-10 00:02:14 --> ErrorException: Undefined array key "description"
in APPPATH\Views\Presentation.php on line 51.
 1 APPPATH\Views\Presentation.php(51): CodeIgniter\Debug\Exceptions->errorHandler(2, 'Undefined array key "description"', 'C:\\xampp\\htdocs\\GSB3\\app\\Views\\Presentation.php', 51)
 2 SYSTEMPATH\View\View.php(228): include('C:\\xampp\\htdocs\\GSB3\\app\\Views\\Presentation.php')
 3 SYSTEMPATH\View\View.php(231): CodeIgniter\View\View->CodeIgniter\View\{closure}()
 4 SYSTEMPATH\Common.php(1178): CodeIgniter\View\View->render('Presentation', [], true)
 5 APPPATH\Controllers\Home.php(74): view('Presentation')
 6 SYSTEMPATH\CodeIgniter.php(941): App\Controllers\Home->Presentation()
 7 SYSTEMPATH\CodeIgniter.php(502): CodeIgniter\CodeIgniter->runController(Object(App\Controllers\Home))
 8 SYSTEMPATH\CodeIgniter.php(361): CodeIgniter\CodeIgniter->handleRequest(null, Object(Config\Cache), false)
 9 FCPATH\index.php(79): CodeIgniter\CodeIgniter->run()
CRITICAL - 2024-02-10 00:03:49 --> ErrorException: Undefined array key "idepresentation"
in APPPATH\Views\Presentation.php on line 52.
 1 APPPATH\Views\Presentation.php(52): CodeIgniter\Debug\Exceptions->errorHandler(2, 'Undefined array key "idepresentation"', 'C:\\xampp\\htdocs\\GSB3\\app\\Views\\Presentation.php', 52)
 2 SYSTEMPATH\View\View.php(228): include('C:\\xampp\\htdocs\\GSB3\\app\\Views\\Presentation.php')
 3 SYSTEMPATH\View\View.php(231): CodeIgniter\View\View->CodeIgniter\View\{closure}()
 4 SYSTEMPATH\Common.php(1178): CodeIgniter\View\View->render('Presentation', [], true)
 5 APPPATH\Controllers\Home.php(74): view('Presentation')
 6 SYSTEMPATH\CodeIgniter.php(941): App\Controllers\Home->Presentation()
 7 SYSTEMPATH\CodeIgniter.php(502): CodeIgniter\CodeIgniter->runController(Object(App\Controllers\Home))
 8 SYSTEMPATH\CodeIgniter.php(361): CodeIgniter\CodeIgniter->handleRequest(null, Object(Config\Cache), false)
 9 FCPATH\index.php(79): CodeIgniter\CodeIgniter->run()
