CRITICAL - 2024-02-11 22:42:20 --> ErrorException: require_once(C:/xampp/htdocs/GSB1-master/GSB_AppliMVC/gsbMVC/fpdf/fpdf.php): Failed to open stream: No such file or directory
in APPPATH\Views\erro.php on line 2.
 1 APPPATH\Views\erro.php(2): CodeIgniter\Debug\Exceptions->errorHandler(2, 'require_once(C:/xampp/htdocs/GSB1-master/GSB_AppliMVC/gsbMVC/fpdf/fpdf.php): Failed to open stream: No such file or directory', 'C:\\xampp\\htdocs\\GSB3\\app\\Views\\erro.php', 2)
 2 APPPATH\Views\erro.php(2): require_once()
 3 SYSTEMPATH\View\View.php(228): include('C:\\xampp\\htdocs\\GSB3\\app\\Views\\erro.php')
 4 SYSTEMPATH\View\View.php(231): CodeIgniter\View\View->CodeIgniter\View\{closure}()
 5 SYSTEMPATH\Common.php(1178): CodeIgniter\View\View->render('erro', [], true)
 6 APPPATH\Controllers\Home.php(86): view('erro')
 7 SYSTEMPATH\CodeIgniter.php(941): App\Controllers\Home->erro()
 8 SYSTEMPATH\CodeIgniter.php(502): CodeIgniter\CodeIgniter->runController(Object(App\Controllers\Home))
 9 SYSTEMPATH\CodeIgniter.php(361): CodeIgniter\CodeIgniter->handleRequest(null, Object(Config\Cache), false)
10 FCPATH\index.php(79): CodeIgniter\CodeIgniter->run()
CRITICAL - 2024-02-11 22:42:57 --> ErrorException: require_once(C:\xampp\htdocs\GSB3\fpdf): Failed to open stream: Permission denied
in APPPATH\Views\erro.php on line 2.
 1 APPPATH\Views\erro.php(2): CodeIgniter\Debug\Exceptions->errorHandler(2, 'require_once(C:\\xampp\\htdocs\\GSB3\\fpdf): Failed to open stream: Permission denied', 'C:\\xampp\\htdocs\\GSB3\\app\\Views\\erro.php', 2)
 2 APPPATH\Views\erro.php(2): require_once()
 3 SYSTEMPATH\View\View.php(228): include('C:\\xampp\\htdocs\\GSB3\\app\\Views\\erro.php')
 4 SYSTEMPATH\View\View.php(231): CodeIgniter\View\View->CodeIgniter\View\{closure}()
 5 SYSTEMPATH\Common.php(1178): CodeIgniter\View\View->render('erro', [], true)
 6 APPPATH\Controllers\Home.php(86): view('erro')
 7 SYSTEMPATH\CodeIgniter.php(941): App\Controllers\Home->erro()
 8 SYSTEMPATH\CodeIgniter.php(502): CodeIgniter\CodeIgniter->runController(Object(App\Controllers\Home))
 9 SYSTEMPATH\CodeIgniter.php(361): CodeIgniter\CodeIgniter->handleRequest(null, Object(Config\Cache), false)
10 FCPATH\index.php(79): CodeIgniter\CodeIgniter->run()
CRITICAL - 2024-02-11 22:43:25 --> ErrorException: require_once(C:\xampp\htdocs\GSB3\fpdf): Failed to open stream: Permission denied
in APPPATH\Views\erro.php on line 2.
 1 APPPATH\Views\erro.php(2): CodeIgniter\Debug\Exceptions->errorHandler(2, 'require_once(C:\\xampp\\htdocs\\GSB3\\fpdf): Failed to open stream: Permission denied', 'C:\\xampp\\htdocs\\GSB3\\app\\Views\\erro.php', 2)
 2 APPPATH\Views\erro.php(2): require_once()
 3 SYSTEMPATH\View\View.php(228): include('C:\\xampp\\htdocs\\GSB3\\app\\Views\\erro.php')
 4 SYSTEMPATH\View\View.php(231): CodeIgniter\View\View->CodeIgniter\View\{closure}()
 5 SYSTEMPATH\Common.php(1178): CodeIgniter\View\View->render('erro', [], true)
 6 APPPATH\Controllers\Home.php(86): view('erro')
 7 SYSTEMPATH\CodeIgniter.php(941): App\Controllers\Home->erro()
 8 SYSTEMPATH\CodeIgniter.php(502): CodeIgniter\CodeIgniter->runController(Object(App\Controllers\Home))
 9 SYSTEMPATH\CodeIgniter.php(361): CodeIgniter\CodeIgniter->handleRequest(null, Object(Config\Cache), false)
10 FCPATH\index.php(79): CodeIgniter\CodeIgniter->run()
CRITICAL - 2024-02-11 22:45:53 --> ErrorException: require_once(C:\xampp\htdocs\GSB3\fpdf): Failed to open stream: Permission denied
in APPPATH\Views\erro.php on line 5.
 1 APPPATH\Views\erro.php(5): CodeIgniter\Debug\Exceptions->errorHandler(2, 'require_once(C:\\xampp\\htdocs\\GSB3\\fpdf): Failed to open stream: Permission denied', 'C:\\xampp\\htdocs\\GSB3\\app\\Views\\erro.php', 5)
 2 APPPATH\Views\erro.php(5): require_once()
 3 SYSTEMPATH\View\View.php(228): include('C:\\xampp\\htdocs\\GSB3\\app\\Views\\erro.php')
 4 SYSTEMPATH\View\View.php(231): CodeIgniter\View\View->CodeIgniter\View\{closure}()
 5 SYSTEMPATH\Common.php(1178): CodeIgniter\View\View->render('erro', [], true)
 6 APPPATH\Controllers\Home.php(86): view('erro')
 7 SYSTEMPATH\CodeIgniter.php(941): App\Controllers\Home->erro()
 8 SYSTEMPATH\CodeIgniter.php(502): CodeIgniter\CodeIgniter->runController(Object(App\Controllers\Home))
 9 SYSTEMPATH\CodeIgniter.php(361): CodeIgniter\CodeIgniter->handleRequest(null, Object(Config\Cache), false)
10 FCPATH\index.php(79): CodeIgniter\CodeIgniter->run()
CRITICAL - 2024-02-11 22:46:06 --> ErrorException: require_once(C:\xampp\htdocs\GSB3\fpdf): Failed to open stream: Permission denied
in APPPATH\Views\erro.php on line 5.
 1 APPPATH\Views\erro.php(5): CodeIgniter\Debug\Exceptions->errorHandler(2, 'require_once(C:\\xampp\\htdocs\\GSB3\\fpdf): Failed to open stream: Permission denied', 'C:\\xampp\\htdocs\\GSB3\\app\\Views\\erro.php', 5)
 2 APPPATH\Views\erro.php(5): require_once()
 3 SYSTEMPATH\View\View.php(228): include('C:\\xampp\\htdocs\\GSB3\\app\\Views\\erro.php')
 4 SYSTEMPATH\View\View.php(231): CodeIgniter\View\View->CodeIgniter\View\{closure}()
 5 SYSTEMPATH\Common.php(1178): CodeIgniter\View\View->render('erro', [], true)
 6 APPPATH\Controllers\Home.php(86): view('erro')
 7 SYSTEMPATH\CodeIgniter.php(941): App\Controllers\Home->erro()
 8 SYSTEMPATH\CodeIgniter.php(502): CodeIgniter\CodeIgniter->runController(Object(App\Controllers\Home))
 9 SYSTEMPATH\CodeIgniter.php(361): CodeIgniter\CodeIgniter->handleRequest(null, Object(Config\Cache), false)
10 FCPATH\index.php(79): CodeIgniter\CodeIgniter->run()
CRITICAL - 2024-02-11 22:50:20 --> ErrorException: require_once(fpdf/fpdf.php): Failed to open stream: No such file or directory
in APPPATH\Views\erro.php on line 5.
 1 APPPATH\Views\erro.php(5): CodeIgniter\Debug\Exceptions->errorHandler(2, 'require_once(fpdf/fpdf.php): Failed to open stream: No such file or directory', 'C:\\xampp\\htdocs\\GSB3\\app\\Views\\erro.php', 5)
 2 APPPATH\Views\erro.php(5): require_once()
 3 SYSTEMPATH\View\View.php(228): include('C:\\xampp\\htdocs\\GSB3\\app\\Views\\erro.php')
 4 SYSTEMPATH\View\View.php(231): CodeIgniter\View\View->CodeIgniter\View\{closure}()
 5 SYSTEMPATH\Common.php(1178): CodeIgniter\View\View->render('erro', [], true)
 6 APPPATH\Controllers\Home.php(86): view('erro')
 7 SYSTEMPATH\CodeIgniter.php(941): App\Controllers\Home->erro()
 8 SYSTEMPATH\CodeIgniter.php(502): CodeIgniter\CodeIgniter->runController(Object(App\Controllers\Home))
 9 SYSTEMPATH\CodeIgniter.php(361): CodeIgniter\CodeIgniter->handleRequest(null, Object(Config\Cache), false)
10 FCPATH\index.php(79): CodeIgniter\CodeIgniter->run()
CRITICAL - 2024-02-11 22:50:34 --> ErrorException: require_once(fpdf.php): Failed to open stream: No such file or directory
in APPPATH\Views\erro.php on line 5.
 1 APPPATH\Views\erro.php(5): CodeIgniter\Debug\Exceptions->errorHandler(2, 'require_once(fpdf.php): Failed to open stream: No such file or directory', 'C:\\xampp\\htdocs\\GSB3\\app\\Views\\erro.php', 5)
 2 APPPATH\Views\erro.php(5): require_once()
 3 SYSTEMPATH\View\View.php(228): include('C:\\xampp\\htdocs\\GSB3\\app\\Views\\erro.php')
 4 SYSTEMPATH\View\View.php(231): CodeIgniter\View\View->CodeIgniter\View\{closure}()
 5 SYSTEMPATH\Common.php(1178): CodeIgniter\View\View->render('erro', [], true)
 6 APPPATH\Controllers\Home.php(86): view('erro')
 7 SYSTEMPATH\CodeIgniter.php(941): App\Controllers\Home->erro()
 8 SYSTEMPATH\CodeIgniter.php(502): CodeIgniter\CodeIgniter->runController(Object(App\Controllers\Home))
 9 SYSTEMPATH\CodeIgniter.php(361): CodeIgniter\CodeIgniter->handleRequest(null, Object(Config\Cache), false)
10 FCPATH\index.php(79): CodeIgniter\CodeIgniter->run()
CRITICAL - 2024-02-11 22:54:17 --> ErrorException: require_once(fpdf.php): Failed to open stream: No such file or directory
in APPPATH\Views\erro.php on line 5.
 1 APPPATH\Views\erro.php(5): CodeIgniter\Debug\Exceptions->errorHandler(2, 'require_once(fpdf.php): Failed to open stream: No such file or directory', 'C:\\xampp\\htdocs\\GSB3\\app\\Views\\erro.php', 5)
 2 APPPATH\Views\erro.php(5): require_once()
 3 SYSTEMPATH\View\View.php(228): include('C:\\xampp\\htdocs\\GSB3\\app\\Views\\erro.php')
 4 SYSTEMPATH\View\View.php(231): CodeIgniter\View\View->CodeIgniter\View\{closure}()
 5 SYSTEMPATH\Common.php(1178): CodeIgniter\View\View->render('erro', [], true)
 6 APPPATH\Controllers\Home.php(86): view('erro')
 7 SYSTEMPATH\CodeIgniter.php(941): App\Controllers\Home->erro()
 8 SYSTEMPATH\CodeIgniter.php(502): CodeIgniter\CodeIgniter->runController(Object(App\Controllers\Home))
 9 SYSTEMPATH\CodeIgniter.php(361): CodeIgniter\CodeIgniter->handleRequest(null, Object(Config\Cache), false)
10 FCPATH\index.php(79): CodeIgniter\CodeIgniter->run()
CRITICAL - 2024-02-11 22:54:31 --> Error: Class "FPDF" not found
in APPPATH\Views\erro.php on line 6.
 1 SYSTEMPATH\View\View.php(228): include()
 2 SYSTEMPATH\View\View.php(231): CodeIgniter\View\View->CodeIgniter\View\{closure}()
 3 SYSTEMPATH\Common.php(1178): CodeIgniter\View\View->render('erro', [], true)
 4 APPPATH\Controllers\Home.php(86): view('erro')
 5 SYSTEMPATH\CodeIgniter.php(941): App\Controllers\Home->erro()
 6 SYSTEMPATH\CodeIgniter.php(502): CodeIgniter\CodeIgniter->runController(Object(App\Controllers\Home))
 7 SYSTEMPATH\CodeIgniter.php(361): CodeIgniter\CodeIgniter->handleRequest(null, Object(Config\Cache), false)
 8 FCPATH\index.php(79): CodeIgniter\CodeIgniter->run()
CRITICAL - 2024-02-11 22:58:26 --> ErrorException: require_once(C:\xampp\htdocs\GSB3\app\third_party/fpdf/fpdf.php): Failed to open stream: No such file or directory
in APPPATH\Views\erro.php on line 3.
 1 APPPATH\Views\erro.php(3): CodeIgniter\Debug\Exceptions->errorHandler(2, 'require_once(C:\\xampp\\htdocs\\GSB3\\app\\third_party/fpdf/fpdf.php): Failed to open stream: No such file or directory', 'C:\\xampp\\htdocs\\GSB3\\app\\Views\\erro.php', 3)
 2 APPPATH\Views\erro.php(3): require_once()
 3 SYSTEMPATH\View\View.php(228): include('C:\\xampp\\htdocs\\GSB3\\app\\Views\\erro.php')
 4 SYSTEMPATH\View\View.php(231): CodeIgniter\View\View->CodeIgniter\View\{closure}()
 5 SYSTEMPATH\Common.php(1178): CodeIgniter\View\View->render('erro', [], true)
 6 APPPATH\Controllers\Home.php(86): view('erro')
 7 SYSTEMPATH\CodeIgniter.php(941): App\Controllers\Home->erro()
 8 SYSTEMPATH\CodeIgniter.php(502): CodeIgniter\CodeIgniter->runController(Object(App\Controllers\Home))
 9 SYSTEMPATH\CodeIgniter.php(361): CodeIgniter\CodeIgniter->handleRequest(null, Object(Config\Cache), false)
10 FCPATH\index.php(79): CodeIgniter\CodeIgniter->run()
CRITICAL - 2024-02-11 22:58:32 --> ErrorException: require_once(C:\xampp\htdocs\GSB3\app\third_party/fpdf/fpdf.php): Failed to open stream: No such file or directory
in APPPATH\Views\erro.php on line 3.
 1 APPPATH\Views\erro.php(3): CodeIgniter\Debug\Exceptions->errorHandler(2, 'require_once(C:\\xampp\\htdocs\\GSB3\\app\\third_party/fpdf/fpdf.php): Failed to open stream: No such file or directory', 'C:\\xampp\\htdocs\\GSB3\\app\\Views\\erro.php', 3)
 2 APPPATH\Views\erro.php(3): require_once()
 3 SYSTEMPATH\View\View.php(228): include('C:\\xampp\\htdocs\\GSB3\\app\\Views\\erro.php')
 4 SYSTEMPATH\View\View.php(231): CodeIgniter\View\View->CodeIgniter\View\{closure}()
 5 SYSTEMPATH\Common.php(1178): CodeIgniter\View\View->render('erro', [], true)
 6 APPPATH\Controllers\Home.php(86): view('erro')
 7 SYSTEMPATH\CodeIgniter.php(941): App\Controllers\Home->erro()
 8 SYSTEMPATH\CodeIgniter.php(502): CodeIgniter\CodeIgniter->runController(Object(App\Controllers\Home))
 9 SYSTEMPATH\CodeIgniter.php(361): CodeIgniter\CodeIgniter->handleRequest(null, Object(Config\Cache), false)
10 FCPATH\index.php(79): CodeIgniter\CodeIgniter->run()
CRITICAL - 2024-02-11 22:59:04 --> ErrorException: require_once(C:\xampp\htdocs\GSB3\app\/fpdf/fpdf.php): Failed to open stream: No such file or directory
in APPPATH\Views\erro.php on line 3.
 1 APPPATH\Views\erro.php(3): CodeIgniter\Debug\Exceptions->errorHandler(2, 'require_once(C:\\xampp\\htdocs\\GSB3\\app\\/fpdf/fpdf.php): Failed to open stream: No such file or directory', 'C:\\xampp\\htdocs\\GSB3\\app\\Views\\erro.php', 3)
 2 APPPATH\Views\erro.php(3): require_once()
 3 SYSTEMPATH\View\View.php(228): include('C:\\xampp\\htdocs\\GSB3\\app\\Views\\erro.php')
 4 SYSTEMPATH\View\View.php(231): CodeIgniter\View\View->CodeIgniter\View\{closure}()
 5 SYSTEMPATH\Common.php(1178): CodeIgniter\View\View->render('erro', [], true)
 6 APPPATH\Controllers\Home.php(86): view('erro')
 7 SYSTEMPATH\CodeIgniter.php(941): App\Controllers\Home->erro()
 8 SYSTEMPATH\CodeIgniter.php(502): CodeIgniter\CodeIgniter->runController(Object(App\Controllers\Home))
 9 SYSTEMPATH\CodeIgniter.php(361): CodeIgniter\CodeIgniter->handleRequest(null, Object(Config\Cache), false)
10 FCPATH\index.php(79): CodeIgniter\CodeIgniter->run()
CRITICAL - 2024-02-11 23:00:17 --> ErrorException: require_once(C:\xampp\htdocs\GSB3\app\/fpdf/fpdf.php): Failed to open stream: No such file or directory
in APPPATH\Views\erro.php on line 3.
 1 APPPATH\Views\erro.php(3): CodeIgniter\Debug\Exceptions->errorHandler(2, 'require_once(C:\\xampp\\htdocs\\GSB3\\app\\/fpdf/fpdf.php): Failed to open stream: No such file or directory', 'C:\\xampp\\htdocs\\GSB3\\app\\Views\\erro.php', 3)
 2 APPPATH\Views\erro.php(3): require_once()
 3 SYSTEMPATH\View\View.php(228): include('C:\\xampp\\htdocs\\GSB3\\app\\Views\\erro.php')
 4 SYSTEMPATH\View\View.php(231): CodeIgniter\View\View->CodeIgniter\View\{closure}()
 5 SYSTEMPATH\Common.php(1178): CodeIgniter\View\View->render('erro', [], true)
 6 APPPATH\Controllers\Home.php(86): view('erro')
 7 SYSTEMPATH\CodeIgniter.php(941): App\Controllers\Home->erro()
 8 SYSTEMPATH\CodeIgniter.php(502): CodeIgniter\CodeIgniter->runController(Object(App\Controllers\Home))
 9 SYSTEMPATH\CodeIgniter.php(361): CodeIgniter\CodeIgniter->handleRequest(null, Object(Config\Cache), false)
10 FCPATH\index.php(79): CodeIgniter\CodeIgniter->run()
CRITICAL - 2024-02-11 23:00:26 --> ErrorException: require_once(C:\xampp\htdocs\GSB3\app\/fpdf/fpdf.php): Failed to open stream: No such file or directory
in APPPATH\Views\erro.php on line 3.
 1 APPPATH\Views\erro.php(3): CodeIgniter\Debug\Exceptions->errorHandler(2, 'require_once(C:\\xampp\\htdocs\\GSB3\\app\\/fpdf/fpdf.php): Failed to open stream: No such file or directory', 'C:\\xampp\\htdocs\\GSB3\\app\\Views\\erro.php', 3)
 2 APPPATH\Views\erro.php(3): require_once()
 3 SYSTEMPATH\View\View.php(228): include('C:\\xampp\\htdocs\\GSB3\\app\\Views\\erro.php')
 4 SYSTEMPATH\View\View.php(231): CodeIgniter\View\View->CodeIgniter\View\{closure}()
 5 SYSTEMPATH\Common.php(1178): CodeIgniter\View\View->render('erro', [], true)
 6 APPPATH\Controllers\Home.php(86): view('erro')
 7 SYSTEMPATH\CodeIgniter.php(941): App\Controllers\Home->erro()
 8 SYSTEMPATH\CodeIgniter.php(502): CodeIgniter\CodeIgniter->runController(Object(App\Controllers\Home))
 9 SYSTEMPATH\CodeIgniter.php(361): CodeIgniter\CodeIgniter->handleRequest(null, Object(Config\Cache), false)
10 FCPATH\index.php(79): CodeIgniter\CodeIgniter->run()
CRITICAL - 2024-02-11 23:36:07 --> ErrorException: require_once(chemin/vers/la/bibliotheque/Tcpdf.php): Failed to open stream: No such file or directory
in APPPATH\Views\erro.php on line 4.
 1 APPPATH\Views\erro.php(4): CodeIgniter\Debug\Exceptions->errorHandler(2, 'require_once(chemin/vers/la/bibliotheque/Tcpdf.php): Failed to open stream: No such file or directory', 'C:\\xampp\\htdocs\\GSB3\\app\\Views\\erro.php', 4)
 2 APPPATH\Views\erro.php(4): require_once()
 3 SYSTEMPATH\View\View.php(228): include('C:\\xampp\\htdocs\\GSB3\\app\\Views\\erro.php')
 4 SYSTEMPATH\View\View.php(231): CodeIgniter\View\View->CodeIgniter\View\{closure}()
 5 SYSTEMPATH\Common.php(1178): CodeIgniter\View\View->render('erro', [], true)
 6 APPPATH\Controllers\Home.php(88): view('erro')
 7 SYSTEMPATH\CodeIgniter.php(941): App\Controllers\Home->erro()
 8 SYSTEMPATH\CodeIgniter.php(502): CodeIgniter\CodeIgniter->runController(Object(App\Controllers\Home))
 9 SYSTEMPATH\CodeIgniter.php(361): CodeIgniter\CodeIgniter->handleRequest(null, Object(Config\Cache), false)
10 FCPATH\index.php(79): CodeIgniter\CodeIgniter->run()
CRITICAL - 2024-02-11 23:36:26 --> Error: Class "Com\Tecnick\Pdf\Tcpdf" not found
in APPPATH\Views\erro.php on line 6.
 1 SYSTEMPATH\View\View.php(228): include()
 2 SYSTEMPATH\View\View.php(231): CodeIgniter\View\View->CodeIgniter\View\{closure}()
 3 SYSTEMPATH\Common.php(1178): CodeIgniter\View\View->render('erro', [], true)
 4 APPPATH\Controllers\Home.php(88): view('erro')
 5 SYSTEMPATH\CodeIgniter.php(941): App\Controllers\Home->erro()
 6 SYSTEMPATH\CodeIgniter.php(502): CodeIgniter\CodeIgniter->runController(Object(App\Controllers\Home))
 7 SYSTEMPATH\CodeIgniter.php(361): CodeIgniter\CodeIgniter->handleRequest(null, Object(Config\Cache), false)
 8 FCPATH\index.php(79): CodeIgniter\CodeIgniter->run()
CRITICAL - 2024-02-11 23:36:46 --> ErrorException: include_once(C:\xampp\htdocs\GSB3\app\Libraries/Tcpdf/Tcpdf.php): Failed to open stream: No such file or directory
in APPPATH\Views\erro.php on line 3.
 1 APPPATH\Views\erro.php(3): CodeIgniter\Debug\Exceptions->errorHandler(2, 'include_once(C:\\xampp\\htdocs\\GSB3\\app\\Libraries/Tcpdf/Tcpdf.php): Failed to open stream: No such file or directory', 'C:\\xampp\\htdocs\\GSB3\\app\\Views\\erro.php', 3)
 2 APPPATH\Views\erro.php(3): include_once()
 3 SYSTEMPATH\View\View.php(228): include('C:\\xampp\\htdocs\\GSB3\\app\\Views\\erro.php')
 4 SYSTEMPATH\View\View.php(231): CodeIgniter\View\View->CodeIgniter\View\{closure}()
 5 SYSTEMPATH\Common.php(1178): CodeIgniter\View\View->render('erro', [], true)
 6 APPPATH\Controllers\Home.php(88): view('erro')
 7 SYSTEMPATH\CodeIgniter.php(941): App\Controllers\Home->erro()
 8 SYSTEMPATH\CodeIgniter.php(502): CodeIgniter\CodeIgniter->runController(Object(App\Controllers\Home))
 9 SYSTEMPATH\CodeIgniter.php(361): CodeIgniter\CodeIgniter->handleRequest(null, Object(Config\Cache), false)
10 FCPATH\index.php(79): CodeIgniter\CodeIgniter->run()
CRITICAL - 2024-02-11 23:36:47 --> ErrorException: include_once(C:\xampp\htdocs\GSB3\app\Libraries/Tcpdf/Tcpdf.php): Failed to open stream: No such file or directory
in APPPATH\Views\erro.php on line 3.
 1 APPPATH\Views\erro.php(3): CodeIgniter\Debug\Exceptions->errorHandler(2, 'include_once(C:\\xampp\\htdocs\\GSB3\\app\\Libraries/Tcpdf/Tcpdf.php): Failed to open stream: No such file or directory', 'C:\\xampp\\htdocs\\GSB3\\app\\Views\\erro.php', 3)
 2 APPPATH\Views\erro.php(3): include_once()
 3 SYSTEMPATH\View\View.php(228): include('C:\\xampp\\htdocs\\GSB3\\app\\Views\\erro.php')
 4 SYSTEMPATH\View\View.php(231): CodeIgniter\View\View->CodeIgniter\View\{closure}()
 5 SYSTEMPATH\Common.php(1178): CodeIgniter\View\View->render('erro', [], true)
 6 APPPATH\Controllers\Home.php(88): view('erro')
 7 SYSTEMPATH\CodeIgniter.php(941): App\Controllers\Home->erro()
 8 SYSTEMPATH\CodeIgniter.php(502): CodeIgniter\CodeIgniter->runController(Object(App\Controllers\Home))
 9 SYSTEMPATH\CodeIgniter.php(361): CodeIgniter\CodeIgniter->handleRequest(null, Object(Config\Cache), false)
10 FCPATH\index.php(79): CodeIgniter\CodeIgniter->run()
CRITICAL - 2024-02-11 23:57:40 --> ErrorException: require(C:\xampp\htdocs\GSB3\app\Views/vendor/autoload.php): Failed to open stream: No such file or directory
in APPPATH\Views\erro.php on line 2.
 1 APPPATH\Views\erro.php(2): CodeIgniter\Debug\Exceptions->errorHandler(2, 'require(C:\\xampp\\htdocs\\GSB3\\app\\Views/vendor/autoload.php): Failed to open stream: No such file or directory', 'C:\\xampp\\htdocs\\GSB3\\app\\Views\\erro.php', 2)
 2 APPPATH\Views\erro.php(2): require()
 3 SYSTEMPATH\View\View.php(228): include('C:\\xampp\\htdocs\\GSB3\\app\\Views\\erro.php')
 4 SYSTEMPATH\View\View.php(231): CodeIgniter\View\View->CodeIgniter\View\{closure}()
 5 SYSTEMPATH\Common.php(1178): CodeIgniter\View\View->render('erro', [], true)
 6 APPPATH\Controllers\Home.php(87): view('erro')
 7 SYSTEMPATH\CodeIgniter.php(941): App\Controllers\Home->erro()
 8 SYSTEMPATH\CodeIgniter.php(502): CodeIgniter\CodeIgniter->runController(Object(App\Controllers\Home))
 9 SYSTEMPATH\CodeIgniter.php(361): CodeIgniter\CodeIgniter->handleRequest(null, Object(Config\Cache), false)
10 FCPATH\index.php(79): CodeIgniter\CodeIgniter->run()
CRITICAL - 2024-02-11 23:57:57 --> Error: Class "Dompdf\Dompdf" not found
in APPPATH\Views\erro.php on line 7.
 1 SYSTEMPATH\View\View.php(228): include()
 2 SYSTEMPATH\View\View.php(231): CodeIgniter\View\View->CodeIgniter\View\{closure}()
 3 SYSTEMPATH\Common.php(1178): CodeIgniter\View\View->render('erro', [], true)
 4 APPPATH\Controllers\Home.php(87): view('erro')
 5 SYSTEMPATH\CodeIgniter.php(941): App\Controllers\Home->erro()
 6 SYSTEMPATH\CodeIgniter.php(502): CodeIgniter\CodeIgniter->runController(Object(App\Controllers\Home))
 7 SYSTEMPATH\CodeIgniter.php(361): CodeIgniter\CodeIgniter->handleRequest(null, Object(Config\Cache), false)
 8 FCPATH\index.php(79): CodeIgniter\CodeIgniter->run()
